This file contains any messages produced by compilers while
running configure, to aid debugging if configure makes a mistake.

It was created by PAPI configure 4.1.1, which was
generated by GNU Autoconf 2.65.  Invocation command line was

  $ ./configure --with-perf-events

## --------- ##
## Platform. ##
## --------- ##

hostname = leno
uname -m = x86_64
uname -r = 2.6.35-24-generic
uname -s = Linux
uname -v = #42-Ubuntu SMP Thu Dec 2 02:41:37 UTC 2010

/usr/bin/uname -p = unknown
/bin/uname -X     = unknown

/bin/arch              = unknown
/usr/bin/arch -k       = unknown
/usr/convex/getsysinfo = unknown
/usr/bin/hostinfo      = unknown
/bin/machine           = unknown
/usr/bin/oslevel       = unknown
/bin/universe          = unknown

PATH: /home/fader/.bin
PATH: /usr/local/sbin
PATH: /usr/local/bin
PATH: /usr/sbin
PATH: /usr/bin
PATH: /sbin
PATH: /bin
PATH: /usr/games


## ----------- ##
## Core tests. ##
## ----------- ##

configure:2355: checking for architecture
configure:2365: result: x86_64
configure:2375: checking for OS
configure:2388: result: linux
configure:2398: checking for OS version
configure:2410: result: 2.6.35-24-generic
configure:2478: checking for xlc
configure:2508: result: no
configure:2478: checking for gcc
configure:2494: found /usr/bin/gcc
configure:2505: result: gcc
configure:2536: checking for C compiler version
configure:2545: gcc --version >&5
gcc (Ubuntu/Linaro 4.4.4-14ubuntu5) 4.4.5
Copyright (C) 2010 Free Software Foundation, Inc.
This is free software; see the source for copying conditions.  There is NO
warranty; not even for MERCHANTABILITY or FITNESS FOR A PARTICULAR PURPOSE.

configure:2556: $? = 0
configure:2545: gcc -v >&5
Using built-in specs.
Target: x86_64-linux-gnu
Configured with: ../src/configure -v --with-pkgversion='Ubuntu/Linaro 4.4.4-14ubuntu5' --with-bugurl=file:///usr/share/doc/gcc-4.4/README.Bugs --enable-languages=c,c++,fortran,objc,obj-c++ --prefix=/usr --program-suffix=-4.4 --enable-shared --enable-multiarch --enable-linker-build-id --with-system-zlib --libexecdir=/usr/lib --without-included-gettext --enable-threads=posix --with-gxx-include-dir=/usr/include/c++/4.4 --libdir=/usr/lib --enable-nls --with-sysroot=/ --enable-clocale=gnu --enable-libstdcxx-debug --enable-objc-gc --disable-werror --with-arch-32=i686 --with-tune=generic --enable-checking=release --build=x86_64-linux-gnu --host=x86_64-linux-gnu --target=x86_64-linux-gnu
Thread model: posix
gcc version 4.4.5 (Ubuntu/Linaro 4.4.4-14ubuntu5) 
configure:2556: $? = 0
configure:2545: gcc -V >&5
gcc: '-V' option must have argument
configure:2556: $? = 1
configure:2545: gcc -qversion >&5
gcc: unrecognized option '-qversion'
gcc: no input files
configure:2556: $? = 1
configure:2576: checking whether the C compiler works
configure:2598: gcc  -g   conftest.c  >&5
configure:2602: $? = 0
configure:2651: result: yes
configure:2654: checking for C compiler default output file name
configure:2656: result: a.out
configure:2662: checking for suffix of executables
configure:2669: gcc -o conftest  -g   conftest.c  >&5
configure:2673: $? = 0
configure:2695: result: 
configure:2717: checking whether we are cross compiling
configure:2725: gcc -o conftest  -g   conftest.c  >&5
configure:2729: $? = 0
configure:2736: ./conftest
configure:2740: $? = 0
configure:2755: result: no
configure:2760: checking for suffix of object files
configure:2782: gcc -c  -g  conftest.c >&5
configure:2786: $? = 0
configure:2807: result: o
configure:2811: checking whether we are using the GNU C compiler
configure:2830: gcc -c  -g  conftest.c >&5
configure:2830: $? = 0
configure:2839: result: yes
configure:2848: checking whether gcc accepts -g
configure:2868: gcc -c -g  conftest.c >&5
configure:2868: $? = 0
configure:2909: result: yes
configure:2926: checking for gcc option to accept ISO C89
configure:2990: gcc  -c  -g  conftest.c >&5
configure:2990: $? = 0
configure:3003: result: none needed
configure:3076: checking for xlf
configure:3106: result: no
configure:3076: checking for gfortran
configure:3092: found /usr/bin/gfortran
configure:3103: result: gfortran
configure:3129: checking for Fortran 77 compiler version
configure:3138: gfortran --version >&5
GNU Fortran (Ubuntu/Linaro 4.4.4-14ubuntu5) 4.4.5
Copyright (C) 2010 Free Software Foundation, Inc.

GNU Fortran comes with NO WARRANTY, to the extent permitted by law.
You may redistribute copies of GNU Fortran
under the terms of the GNU General Public License.
For more information about these matters, see the file named COPYING

configure:3149: $? = 0
configure:3138: gfortran -v >&5
Using built-in specs.
Target: x86_64-linux-gnu
Configured with: ../src/configure -v --with-pkgversion='Ubuntu/Linaro 4.4.4-14ubuntu5' --with-bugurl=file:///usr/share/doc/gcc-4.4/README.Bugs --enable-languages=c,c++,fortran,objc,obj-c++ --prefix=/usr --program-suffix=-4.4 --enable-shared --enable-multiarch --enable-linker-build-id --with-system-zlib --libexecdir=/usr/lib --without-included-gettext --enable-threads=posix --with-gxx-include-dir=/usr/include/c++/4.4 --libdir=/usr/lib --enable-nls --with-sysroot=/ --enable-clocale=gnu --enable-libstdcxx-debug --enable-objc-gc --disable-werror --with-arch-32=i686 --with-tune=generic --enable-checking=release --build=x86_64-linux-gnu --host=x86_64-linux-gnu --target=x86_64-linux-gnu
Thread model: posix
gcc version 4.4.5 (Ubuntu/Linaro 4.4.4-14ubuntu5) 
configure:3149: $? = 0
configure:3138: gfortran -V >&5
gfortran: '-V' option must have argument
configure:3149: $? = 1
configure:3138: gfortran -qversion >&5
gfortran: unrecognized option '-qversion'
gfortran: no input files
configure:3149: $? = 1
configure:3158: checking whether we are using the GNU Fortran 77 compiler
configure:3171: gfortran -c  conftest.F >&5
configure:3171: $? = 0
configure:3180: result: yes
configure:3186: checking whether gfortran accepts -g
configure:3197: gfortran -c -g conftest.f >&5
configure:3197: $? = 0
configure:3205: result: yes
configure:3238: checking for gawk
configure:3268: result: no
configure:3238: checking for mawk
configure:3254: found /usr/bin/mawk
configure:3265: result: mawk
configure:3281: checking how to run the C preprocessor
configure:3312: gcc -E  conftest.c
configure:3312: $? = 0
configure:3326: gcc -E  conftest.c
conftest.c:9: fatal error: ac_nonexistent.h: No such file or directory
compilation terminated.
configure:3326: $? = 1
configure: failed program was:
| /* confdefs.h */
| #define PACKAGE_NAME "PAPI"
| #define PACKAGE_TARNAME "papi"
| #define PACKAGE_VERSION "4.1.1"
| #define PACKAGE_STRING "PAPI 4.1.1"
| #define PACKAGE_BUGREPORT "ptools-perfapi@eecs.utk.edu"
| #define PACKAGE_URL ""
| /* end confdefs.h.  */
| #include <ac_nonexistent.h>
configure:3351: result: gcc -E
configure:3371: gcc -E  conftest.c
configure:3371: $? = 0
configure:3385: gcc -E  conftest.c
conftest.c:9: fatal error: ac_nonexistent.h: No such file or directory
compilation terminated.
configure:3385: $? = 1
configure: failed program was:
| /* confdefs.h */
| #define PACKAGE_NAME "PAPI"
| #define PACKAGE_TARNAME "papi"
| #define PACKAGE_VERSION "4.1.1"
| #define PACKAGE_STRING "PAPI 4.1.1"
| #define PACKAGE_BUGREPORT "ptools-perfapi@eecs.utk.edu"
| #define PACKAGE_URL ""
| /* end confdefs.h.  */
| #include <ac_nonexistent.h>
configure:3413: checking whether ln -s works
configure:3417: result: yes
configure:3424: checking whether make sets $(MAKE)
configure:3446: result: yes
configure:3498: checking for ranlib
configure:3514: found /usr/bin/ranlib
configure:3525: result: ranlib
configure:3549: checking for grep that handles long lines and -e
configure:3607: result: /bin/grep
configure:3612: checking for egrep
configure:3674: result: /bin/grep -E
configure:3679: checking for ANSI C header files
configure:3699: gcc -c  -g  conftest.c >&5
configure:3699: $? = 0
configure:3772: gcc -o conftest  -g   conftest.c  >&5
configure:3772: $? = 0
configure:3772: ./conftest
configure:3772: $? = 0
configure:3783: result: yes
configure:3796: checking for sys/types.h
configure:3796: gcc -c  -g  conftest.c >&5
configure:3796: $? = 0
configure:3796: result: yes
configure:3796: checking for sys/stat.h
configure:3796: gcc -c  -g  conftest.c >&5
configure:3796: $? = 0
configure:3796: result: yes
configure:3796: checking for stdlib.h
configure:3796: gcc -c  -g  conftest.c >&5
configure:3796: $? = 0
configure:3796: result: yes
configure:3796: checking for string.h
configure:3796: gcc -c  -g  conftest.c >&5
configure:3796: $? = 0
configure:3796: result: yes
configure:3796: checking for memory.h
configure:3796: gcc -c  -g  conftest.c >&5
configure:3796: $? = 0
configure:3796: result: yes
configure:3796: checking for strings.h
configure:3796: gcc -c  -g  conftest.c >&5
configure:3796: $? = 0
configure:3796: result: yes
configure:3796: checking for inttypes.h
configure:3796: gcc -c  -g  conftest.c >&5
configure:3796: $? = 0
configure:3796: result: yes
configure:3796: checking for stdint.h
configure:3796: gcc -c  -g  conftest.c >&5
configure:3796: $? = 0
configure:3796: result: yes
configure:3796: checking for unistd.h
configure:3796: gcc -c  -g  conftest.c >&5
configure:3796: $? = 0
configure:3796: result: yes
configure:3810: checking minix/config.h usability
configure:3810: gcc -c  -g  conftest.c >&5
conftest.c:52: fatal error: minix/config.h: No such file or directory
compilation terminated.
configure:3810: $? = 1
configure: failed program was:
| /* confdefs.h */
| #define PACKAGE_NAME "PAPI"
| #define PACKAGE_TARNAME "papi"
| #define PACKAGE_VERSION "4.1.1"
| #define PACKAGE_STRING "PAPI 4.1.1"
| #define PACKAGE_BUGREPORT "ptools-perfapi@eecs.utk.edu"
| #define PACKAGE_URL ""
| #define STDC_HEADERS 1
| #define HAVE_SYS_TYPES_H 1
| #define HAVE_SYS_STAT_H 1
| #define HAVE_STDLIB_H 1
| #define HAVE_STRING_H 1
| #define HAVE_MEMORY_H 1
| #define HAVE_STRINGS_H 1
| #define HAVE_INTTYPES_H 1
| #define HAVE_STDINT_H 1
| #define HAVE_UNISTD_H 1
| /* end confdefs.h.  */
| #include <stdio.h>
| #ifdef HAVE_SYS_TYPES_H
| # include <sys/types.h>
| #endif
| #ifdef HAVE_SYS_STAT_H
| # include <sys/stat.h>
| #endif
| #ifdef STDC_HEADERS
| # include <stdlib.h>
| # include <stddef.h>
| #else
| # ifdef HAVE_STDLIB_H
| #  include <stdlib.h>
| # endif
| #endif
| #ifdef HAVE_STRING_H
| # if !defined STDC_HEADERS && defined HAVE_MEMORY_H
| #  include <memory.h>
| # endif
| # include <string.h>
| #endif
| #ifdef HAVE_STRINGS_H
| # include <strings.h>
| #endif
| #ifdef HAVE_INTTYPES_H
| # include <inttypes.h>
| #endif
| #ifdef HAVE_STDINT_H
| # include <stdint.h>
| #endif
| #ifdef HAVE_UNISTD_H
| # include <unistd.h>
| #endif
| #include <minix/config.h>
configure:3810: result: no
configure:3810: checking minix/config.h presence
configure:3810: gcc -E  conftest.c
conftest.c:19: fatal error: minix/config.h: No such file or directory
compilation terminated.
configure:3810: $? = 1
configure: failed program was:
| /* confdefs.h */
| #define PACKAGE_NAME "PAPI"
| #define PACKAGE_TARNAME "papi"
| #define PACKAGE_VERSION "4.1.1"
| #define PACKAGE_STRING "PAPI 4.1.1"
| #define PACKAGE_BUGREPORT "ptools-perfapi@eecs.utk.edu"
| #define PACKAGE_URL ""
| #define STDC_HEADERS 1
| #define HAVE_SYS_TYPES_H 1
| #define HAVE_SYS_STAT_H 1
| #define HAVE_STDLIB_H 1
| #define HAVE_STRING_H 1
| #define HAVE_MEMORY_H 1
| #define HAVE_STRINGS_H 1
| #define HAVE_INTTYPES_H 1
| #define HAVE_STDINT_H 1
| #define HAVE_UNISTD_H 1
| /* end confdefs.h.  */
| #include <minix/config.h>
configure:3810: result: no
configure:3810: checking for minix/config.h
configure:3810: result: no
configure:3831: checking whether it is safe to define __EXTENSIONS__
configure:3849: gcc -c  -g  conftest.c >&5
configure:3849: $? = 0
configure:3856: result: yes
configure:3871: checking for ANSI C header files
configure:3975: result: yes
configure:3983: checking for inline
configure:3999: gcc -c  -g  conftest.c >&5
configure:3999: $? = 0
configure:4007: result: inline
configure:4025: checking whether time.h and sys/time.h may both be included
configure:4045: gcc -c  -g  conftest.c >&5
configure:4045: $? = 0
configure:4052: result: yes
configure:4063: checking sys/time.h usability
configure:4063: gcc -c  -g  conftest.c >&5
configure:4063: $? = 0
configure:4063: result: yes
configure:4063: checking sys/time.h presence
configure:4063: gcc -E  conftest.c
configure:4063: $? = 0
configure:4063: result: yes
configure:4063: checking for sys/time.h
configure:4063: result: yes
configure:4063: checking c_asm.h usability
configure:4063: gcc -c  -g  conftest.c >&5
conftest.c:60: fatal error: c_asm.h: No such file or directory
compilation terminated.
configure:4063: $? = 1
configure: failed program was:
| /* confdefs.h */
| #define PACKAGE_NAME "PAPI"
| #define PACKAGE_TARNAME "papi"
| #define PACKAGE_VERSION "4.1.1"
| #define PACKAGE_STRING "PAPI 4.1.1"
| #define PACKAGE_BUGREPORT "ptools-perfapi@eecs.utk.edu"
| #define PACKAGE_URL ""
| #define STDC_HEADERS 1
| #define HAVE_SYS_TYPES_H 1
| #define HAVE_SYS_STAT_H 1
| #define HAVE_STDLIB_H 1
| #define HAVE_STRING_H 1
| #define HAVE_MEMORY_H 1
| #define HAVE_STRINGS_H 1
| #define HAVE_INTTYPES_H 1
| #define HAVE_STDINT_H 1
| #define HAVE_UNISTD_H 1
| #define __EXTENSIONS__ 1
| #define _ALL_SOURCE 1
| #define _GNU_SOURCE 1
| #define _POSIX_PTHREAD_SEMANTICS 1
| #define _TANDEM_SOURCE 1
| #define STDC_HEADERS 1
| #define TIME_WITH_SYS_TIME 1
| #define HAVE_SYS_TIME_H 1
| /* end confdefs.h.  */
| #include <stdio.h>
| #ifdef HAVE_SYS_TYPES_H
| # include <sys/types.h>
| #endif
| #ifdef HAVE_SYS_STAT_H
| # include <sys/stat.h>
| #endif
| #ifdef STDC_HEADERS
| # include <stdlib.h>
| # include <stddef.h>
| #else
| # ifdef HAVE_STDLIB_H
| #  include <stdlib.h>
| # endif
| #endif
| #ifdef HAVE_STRING_H
| # if !defined STDC_HEADERS && defined HAVE_MEMORY_H
| #  include <memory.h>
| # endif
| # include <string.h>
| #endif
| #ifdef HAVE_STRINGS_H
| # include <strings.h>
| #endif
| #ifdef HAVE_INTTYPES_H
| # include <inttypes.h>
| #endif
| #ifdef HAVE_STDINT_H
| # include <stdint.h>
| #endif
| #ifdef HAVE_UNISTD_H
| # include <unistd.h>
| #endif
| #include <c_asm.h>
configure:4063: result: no
configure:4063: checking c_asm.h presence
configure:4063: gcc -E  conftest.c
conftest.c:27: fatal error: c_asm.h: No such file or directory
compilation terminated.
configure:4063: $? = 1
configure: failed program was:
| /* confdefs.h */
| #define PACKAGE_NAME "PAPI"
| #define PACKAGE_TARNAME "papi"
| #define PACKAGE_VERSION "4.1.1"
| #define PACKAGE_STRING "PAPI 4.1.1"
| #define PACKAGE_BUGREPORT "ptools-perfapi@eecs.utk.edu"
| #define PACKAGE_URL ""
| #define STDC_HEADERS 1
| #define HAVE_SYS_TYPES_H 1
| #define HAVE_SYS_STAT_H 1
| #define HAVE_STDLIB_H 1
| #define HAVE_STRING_H 1
| #define HAVE_MEMORY_H 1
| #define HAVE_STRINGS_H 1
| #define HAVE_INTTYPES_H 1
| #define HAVE_STDINT_H 1
| #define HAVE_UNISTD_H 1
| #define __EXTENSIONS__ 1
| #define _ALL_SOURCE 1
| #define _GNU_SOURCE 1
| #define _POSIX_PTHREAD_SEMANTICS 1
| #define _TANDEM_SOURCE 1
| #define STDC_HEADERS 1
| #define TIME_WITH_SYS_TIME 1
| #define HAVE_SYS_TIME_H 1
| /* end confdefs.h.  */
| #include <c_asm.h>
configure:4063: result: no
configure:4063: checking for c_asm.h
configure:4063: result: no
configure:4063: checking intrinsics.h usability
configure:4063: gcc -c  -g  conftest.c >&5
conftest.c:60: fatal error: intrinsics.h: No such file or directory
compilation terminated.
configure:4063: $? = 1
configure: failed program was:
| /* confdefs.h */
| #define PACKAGE_NAME "PAPI"
| #define PACKAGE_TARNAME "papi"
| #define PACKAGE_VERSION "4.1.1"
| #define PACKAGE_STRING "PAPI 4.1.1"
| #define PACKAGE_BUGREPORT "ptools-perfapi@eecs.utk.edu"
| #define PACKAGE_URL ""
| #define STDC_HEADERS 1
| #define HAVE_SYS_TYPES_H 1
| #define HAVE_SYS_STAT_H 1
| #define HAVE_STDLIB_H 1
| #define HAVE_STRING_H 1
| #define HAVE_MEMORY_H 1
| #define HAVE_STRINGS_H 1
| #define HAVE_INTTYPES_H 1
| #define HAVE_STDINT_H 1
| #define HAVE_UNISTD_H 1
| #define __EXTENSIONS__ 1
| #define _ALL_SOURCE 1
| #define _GNU_SOURCE 1
| #define _POSIX_PTHREAD_SEMANTICS 1
| #define _TANDEM_SOURCE 1
| #define STDC_HEADERS 1
| #define TIME_WITH_SYS_TIME 1
| #define HAVE_SYS_TIME_H 1
| /* end confdefs.h.  */
| #include <stdio.h>
| #ifdef HAVE_SYS_TYPES_H
| # include <sys/types.h>
| #endif
| #ifdef HAVE_SYS_STAT_H
| # include <sys/stat.h>
| #endif
| #ifdef STDC_HEADERS
| # include <stdlib.h>
| # include <stddef.h>
| #else
| # ifdef HAVE_STDLIB_H
| #  include <stdlib.h>
| # endif
| #endif
| #ifdef HAVE_STRING_H
| # if !defined STDC_HEADERS && defined HAVE_MEMORY_H
| #  include <memory.h>
| # endif
| # include <string.h>
| #endif
| #ifdef HAVE_STRINGS_H
| # include <strings.h>
| #endif
| #ifdef HAVE_INTTYPES_H
| # include <inttypes.h>
| #endif
| #ifdef HAVE_STDINT_H
| # include <stdint.h>
| #endif
| #ifdef HAVE_UNISTD_H
| # include <unistd.h>
| #endif
| #include <intrinsics.h>
configure:4063: result: no
configure:4063: checking intrinsics.h presence
configure:4063: gcc -E  conftest.c
conftest.c:27: fatal error: intrinsics.h: No such file or directory
compilation terminated.
configure:4063: $? = 1
configure: failed program was:
| /* confdefs.h */
| #define PACKAGE_NAME "PAPI"
| #define PACKAGE_TARNAME "papi"
| #define PACKAGE_VERSION "4.1.1"
| #define PACKAGE_STRING "PAPI 4.1.1"
| #define PACKAGE_BUGREPORT "ptools-perfapi@eecs.utk.edu"
| #define PACKAGE_URL ""
| #define STDC_HEADERS 1
| #define HAVE_SYS_TYPES_H 1
| #define HAVE_SYS_STAT_H 1
| #define HAVE_STDLIB_H 1
| #define HAVE_STRING_H 1
| #define HAVE_MEMORY_H 1
| #define HAVE_STRINGS_H 1
| #define HAVE_INTTYPES_H 1
| #define HAVE_STDINT_H 1
| #define HAVE_UNISTD_H 1
| #define __EXTENSIONS__ 1
| #define _ALL_SOURCE 1
| #define _GNU_SOURCE 1
| #define _POSIX_PTHREAD_SEMANTICS 1
| #define _TANDEM_SOURCE 1
| #define STDC_HEADERS 1
| #define TIME_WITH_SYS_TIME 1
| #define HAVE_SYS_TIME_H 1
| /* end confdefs.h.  */
| #include <intrinsics.h>
configure:4063: result: no
configure:4063: checking for intrinsics.h
configure:4063: result: no
configure:4063: checking mach/mach_time.h usability
configure:4063: gcc -c  -g  conftest.c >&5
conftest.c:60: fatal error: mach/mach_time.h: No such file or directory
compilation terminated.
configure:4063: $? = 1
configure: failed program was:
| /* confdefs.h */
| #define PACKAGE_NAME "PAPI"
| #define PACKAGE_TARNAME "papi"
| #define PACKAGE_VERSION "4.1.1"
| #define PACKAGE_STRING "PAPI 4.1.1"
| #define PACKAGE_BUGREPORT "ptools-perfapi@eecs.utk.edu"
| #define PACKAGE_URL ""
| #define STDC_HEADERS 1
| #define HAVE_SYS_TYPES_H 1
| #define HAVE_SYS_STAT_H 1
| #define HAVE_STDLIB_H 1
| #define HAVE_STRING_H 1
| #define HAVE_MEMORY_H 1
| #define HAVE_STRINGS_H 1
| #define HAVE_INTTYPES_H 1
| #define HAVE_STDINT_H 1
| #define HAVE_UNISTD_H 1
| #define __EXTENSIONS__ 1
| #define _ALL_SOURCE 1
| #define _GNU_SOURCE 1
| #define _POSIX_PTHREAD_SEMANTICS 1
| #define _TANDEM_SOURCE 1
| #define STDC_HEADERS 1
| #define TIME_WITH_SYS_TIME 1
| #define HAVE_SYS_TIME_H 1
| /* end confdefs.h.  */
| #include <stdio.h>
| #ifdef HAVE_SYS_TYPES_H
| # include <sys/types.h>
| #endif
| #ifdef HAVE_SYS_STAT_H
| # include <sys/stat.h>
| #endif
| #ifdef STDC_HEADERS
| # include <stdlib.h>
| # include <stddef.h>
| #else
| # ifdef HAVE_STDLIB_H
| #  include <stdlib.h>
| # endif
| #endif
| #ifdef HAVE_STRING_H
| # if !defined STDC_HEADERS && defined HAVE_MEMORY_H
| #  include <memory.h>
| # endif
| # include <string.h>
| #endif
| #ifdef HAVE_STRINGS_H
| # include <strings.h>
| #endif
| #ifdef HAVE_INTTYPES_H
| # include <inttypes.h>
| #endif
| #ifdef HAVE_STDINT_H
| # include <stdint.h>
| #endif
| #ifdef HAVE_UNISTD_H
| # include <unistd.h>
| #endif
| #include <mach/mach_time.h>
configure:4063: result: no
configure:4063: checking mach/mach_time.h presence
configure:4063: gcc -E  conftest.c
conftest.c:27: fatal error: mach/mach_time.h: No such file or directory
compilation terminated.
configure:4063: $? = 1
configure: failed program was:
| /* confdefs.h */
| #define PACKAGE_NAME "PAPI"
| #define PACKAGE_TARNAME "papi"
| #define PACKAGE_VERSION "4.1.1"
| #define PACKAGE_STRING "PAPI 4.1.1"
| #define PACKAGE_BUGREPORT "ptools-perfapi@eecs.utk.edu"
| #define PACKAGE_URL ""
| #define STDC_HEADERS 1
| #define HAVE_SYS_TYPES_H 1
| #define HAVE_SYS_STAT_H 1
| #define HAVE_STDLIB_H 1
| #define HAVE_STRING_H 1
| #define HAVE_MEMORY_H 1
| #define HAVE_STRINGS_H 1
| #define HAVE_INTTYPES_H 1
| #define HAVE_STDINT_H 1
| #define HAVE_UNISTD_H 1
| #define __EXTENSIONS__ 1
| #define _ALL_SOURCE 1
| #define _GNU_SOURCE 1
| #define _POSIX_PTHREAD_SEMANTICS 1
| #define _TANDEM_SOURCE 1
| #define STDC_HEADERS 1
| #define TIME_WITH_SYS_TIME 1
| #define HAVE_SYS_TIME_H 1
| /* end confdefs.h.  */
| #include <mach/mach_time.h>
configure:4063: result: no
configure:4063: checking for mach/mach_time.h
configure:4063: result: no
configure:4077: checking for gethrtime
configure:4077: gcc -o conftest  -g   conftest.c  >&5
/tmp/cc5Hlub2.o: In function `main':
/home/fader/Downloads/papi-4.1.1/src/conftest.c:61: undefined reference to `gethrtime'
collect2: ld returned 1 exit status
configure:4077: $? = 1
configure: failed program was:
| /* confdefs.h */
| #define PACKAGE_NAME "PAPI"
| #define PACKAGE_TARNAME "papi"
| #define PACKAGE_VERSION "4.1.1"
| #define PACKAGE_STRING "PAPI 4.1.1"
| #define PACKAGE_BUGREPORT "ptools-perfapi@eecs.utk.edu"
| #define PACKAGE_URL ""
| #define STDC_HEADERS 1
| #define HAVE_SYS_TYPES_H 1
| #define HAVE_SYS_STAT_H 1
| #define HAVE_STDLIB_H 1
| #define HAVE_STRING_H 1
| #define HAVE_MEMORY_H 1
| #define HAVE_STRINGS_H 1
| #define HAVE_INTTYPES_H 1
| #define HAVE_STDINT_H 1
| #define HAVE_UNISTD_H 1
| #define __EXTENSIONS__ 1
| #define _ALL_SOURCE 1
| #define _GNU_SOURCE 1
| #define _POSIX_PTHREAD_SEMANTICS 1
| #define _TANDEM_SOURCE 1
| #define STDC_HEADERS 1
| #define TIME_WITH_SYS_TIME 1
| #define HAVE_SYS_TIME_H 1
| /* end confdefs.h.  */
| /* Define gethrtime to an innocuous variant, in case <limits.h> declares gethrtime.
|    For example, HP-UX 11i <limits.h> declares gettimeofday.  */
| #define gethrtime innocuous_gethrtime
| 
| /* System header to define __stub macros and hopefully few prototypes,
|     which can conflict with char gethrtime (); below.
|     Prefer <limits.h> to <assert.h> if __STDC__ is defined, since
|     <limits.h> exists even on freestanding compilers.  */
| 
| #ifdef __STDC__
| # include <limits.h>
| #else
| # include <assert.h>
| #endif
| 
| #undef gethrtime
| 
| /* Override any GCC internal prototype to avoid an error.
|    Use char because int might match the return type of a GCC
|    builtin and then its argument prototype would still apply.  */
| #ifdef __cplusplus
| extern "C"
| #endif
| char gethrtime ();
| /* The GNU C library defines this for functions which it implements
|     to always fail with ENOSYS.  Some functions are actually named
|     something starting with __ and the normal name is an alias.  */
| #if defined __stub_gethrtime || defined __stub___gethrtime
| choke me
| #endif
| 
| int
| main ()
| {
| return gethrtime ();
|   ;
|   return 0;
| }
configure:4077: result: no
configure:4077: checking for read_real_time
configure:4077: gcc -o conftest  -g   conftest.c  >&5
/tmp/cc1hvJ66.o: In function `main':
/home/fader/Downloads/papi-4.1.1/src/conftest.c:61: undefined reference to `read_real_time'
collect2: ld returned 1 exit status
configure:4077: $? = 1
configure: failed program was:
| /* confdefs.h */
| #define PACKAGE_NAME "PAPI"
| #define PACKAGE_TARNAME "papi"
| #define PACKAGE_VERSION "4.1.1"
| #define PACKAGE_STRING "PAPI 4.1.1"
| #define PACKAGE_BUGREPORT "ptools-perfapi@eecs.utk.edu"
| #define PACKAGE_URL ""
| #define STDC_HEADERS 1
| #define HAVE_SYS_TYPES_H 1
| #define HAVE_SYS_STAT_H 1
| #define HAVE_STDLIB_H 1
| #define HAVE_STRING_H 1
| #define HAVE_MEMORY_H 1
| #define HAVE_STRINGS_H 1
| #define HAVE_INTTYPES_H 1
| #define HAVE_STDINT_H 1
| #define HAVE_UNISTD_H 1
| #define __EXTENSIONS__ 1
| #define _ALL_SOURCE 1
| #define _GNU_SOURCE 1
| #define _POSIX_PTHREAD_SEMANTICS 1
| #define _TANDEM_SOURCE 1
| #define STDC_HEADERS 1
| #define TIME_WITH_SYS_TIME 1
| #define HAVE_SYS_TIME_H 1
| /* end confdefs.h.  */
| /* Define read_real_time to an innocuous variant, in case <limits.h> declares read_real_time.
|    For example, HP-UX 11i <limits.h> declares gettimeofday.  */
| #define read_real_time innocuous_read_real_time
| 
| /* System header to define __stub macros and hopefully few prototypes,
|     which can conflict with char read_real_time (); below.
|     Prefer <limits.h> to <assert.h> if __STDC__ is defined, since
|     <limits.h> exists even on freestanding compilers.  */
| 
| #ifdef __STDC__
| # include <limits.h>
| #else
| # include <assert.h>
| #endif
| 
| #undef read_real_time
| 
| /* Override any GCC internal prototype to avoid an error.
|    Use char because int might match the return type of a GCC
|    builtin and then its argument prototype would still apply.  */
| #ifdef __cplusplus
| extern "C"
| #endif
| char read_real_time ();
| /* The GNU C library defines this for functions which it implements
|     to always fail with ENOSYS.  Some functions are actually named
|     something starting with __ and the normal name is an alias.  */
| #if defined __stub_read_real_time || defined __stub___read_real_time
| choke me
| #endif
| 
| int
| main ()
| {
| return read_real_time ();
|   ;
|   return 0;
| }
configure:4077: result: no
configure:4077: checking for time_base_to_time
configure:4077: gcc -o conftest  -g   conftest.c  >&5
/tmp/ccnLf3sd.o: In function `main':
/home/fader/Downloads/papi-4.1.1/src/conftest.c:61: undefined reference to `time_base_to_time'
collect2: ld returned 1 exit status
configure:4077: $? = 1
configure: failed program was:
| /* confdefs.h */
| #define PACKAGE_NAME "PAPI"
| #define PACKAGE_TARNAME "papi"
| #define PACKAGE_VERSION "4.1.1"
| #define PACKAGE_STRING "PAPI 4.1.1"
| #define PACKAGE_BUGREPORT "ptools-perfapi@eecs.utk.edu"
| #define PACKAGE_URL ""
| #define STDC_HEADERS 1
| #define HAVE_SYS_TYPES_H 1
| #define HAVE_SYS_STAT_H 1
| #define HAVE_STDLIB_H 1
| #define HAVE_STRING_H 1
| #define HAVE_MEMORY_H 1
| #define HAVE_STRINGS_H 1
| #define HAVE_INTTYPES_H 1
| #define HAVE_STDINT_H 1
| #define HAVE_UNISTD_H 1
| #define __EXTENSIONS__ 1
| #define _ALL_SOURCE 1
| #define _GNU_SOURCE 1
| #define _POSIX_PTHREAD_SEMANTICS 1
| #define _TANDEM_SOURCE 1
| #define STDC_HEADERS 1
| #define TIME_WITH_SYS_TIME 1
| #define HAVE_SYS_TIME_H 1
| /* end confdefs.h.  */
| /* Define time_base_to_time to an innocuous variant, in case <limits.h> declares time_base_to_time.
|    For example, HP-UX 11i <limits.h> declares gettimeofday.  */
| #define time_base_to_time innocuous_time_base_to_time
| 
| /* System header to define __stub macros and hopefully few prototypes,
|     which can conflict with char time_base_to_time (); below.
|     Prefer <limits.h> to <assert.h> if __STDC__ is defined, since
|     <limits.h> exists even on freestanding compilers.  */
| 
| #ifdef __STDC__
| # include <limits.h>
| #else
| # include <assert.h>
| #endif
| 
| #undef time_base_to_time
| 
| /* Override any GCC internal prototype to avoid an error.
|    Use char because int might match the return type of a GCC
|    builtin and then its argument prototype would still apply.  */
| #ifdef __cplusplus
| extern "C"
| #endif
| char time_base_to_time ();
| /* The GNU C library defines this for functions which it implements
|     to always fail with ENOSYS.  Some functions are actually named
|     something starting with __ and the normal name is an alias.  */
| #if defined __stub_time_base_to_time || defined __stub___time_base_to_time
| choke me
| #endif
| 
| int
| main ()
| {
| return time_base_to_time ();
|   ;
|   return 0;
| }
configure:4077: result: no
configure:4077: checking for clock_gettime
configure:4077: gcc -o conftest  -g   conftest.c  >&5
/tmp/cc5N9v5e.o: In function `main':
/home/fader/Downloads/papi-4.1.1/src/conftest.c:61: undefined reference to `clock_gettime'
collect2: ld returned 1 exit status
configure:4077: $? = 1
configure: failed program was:
| /* confdefs.h */
| #define PACKAGE_NAME "PAPI"
| #define PACKAGE_TARNAME "papi"
| #define PACKAGE_VERSION "4.1.1"
| #define PACKAGE_STRING "PAPI 4.1.1"
| #define PACKAGE_BUGREPORT "ptools-perfapi@eecs.utk.edu"
| #define PACKAGE_URL ""
| #define STDC_HEADERS 1
| #define HAVE_SYS_TYPES_H 1
| #define HAVE_SYS_STAT_H 1
| #define HAVE_STDLIB_H 1
| #define HAVE_STRING_H 1
| #define HAVE_MEMORY_H 1
| #define HAVE_STRINGS_H 1
| #define HAVE_INTTYPES_H 1
| #define HAVE_STDINT_H 1
| #define HAVE_UNISTD_H 1
| #define __EXTENSIONS__ 1
| #define _ALL_SOURCE 1
| #define _GNU_SOURCE 1
| #define _POSIX_PTHREAD_SEMANTICS 1
| #define _TANDEM_SOURCE 1
| #define STDC_HEADERS 1
| #define TIME_WITH_SYS_TIME 1
| #define HAVE_SYS_TIME_H 1
| /* end confdefs.h.  */
| /* Define clock_gettime to an innocuous variant, in case <limits.h> declares clock_gettime.
|    For example, HP-UX 11i <limits.h> declares gettimeofday.  */
| #define clock_gettime innocuous_clock_gettime
| 
| /* System header to define __stub macros and hopefully few prototypes,
|     which can conflict with char clock_gettime (); below.
|     Prefer <limits.h> to <assert.h> if __STDC__ is defined, since
|     <limits.h> exists even on freestanding compilers.  */
| 
| #ifdef __STDC__
| # include <limits.h>
| #else
| # include <assert.h>
| #endif
| 
| #undef clock_gettime
| 
| /* Override any GCC internal prototype to avoid an error.
|    Use char because int might match the return type of a GCC
|    builtin and then its argument prototype would still apply.  */
| #ifdef __cplusplus
| extern "C"
| #endif
| char clock_gettime ();
| /* The GNU C library defines this for functions which it implements
|     to always fail with ENOSYS.  Some functions are actually named
|     something starting with __ and the normal name is an alias.  */
| #if defined __stub_clock_gettime || defined __stub___clock_gettime
| choke me
| #endif
| 
| int
| main ()
| {
| return clock_gettime ();
|   ;
|   return 0;
| }
configure:4077: result: no
configure:4077: checking for mach_absolute_time
configure:4077: gcc -o conftest  -g   conftest.c  >&5
/tmp/ccButS7i.o: In function `main':
/home/fader/Downloads/papi-4.1.1/src/conftest.c:61: undefined reference to `mach_absolute_time'
collect2: ld returned 1 exit status
configure:4077: $? = 1
configure: failed program was:
| /* confdefs.h */
| #define PACKAGE_NAME "PAPI"
| #define PACKAGE_TARNAME "papi"
| #define PACKAGE_VERSION "4.1.1"
| #define PACKAGE_STRING "PAPI 4.1.1"
| #define PACKAGE_BUGREPORT "ptools-perfapi@eecs.utk.edu"
| #define PACKAGE_URL ""
| #define STDC_HEADERS 1
| #define HAVE_SYS_TYPES_H 1
| #define HAVE_SYS_STAT_H 1
| #define HAVE_STDLIB_H 1
| #define HAVE_STRING_H 1
| #define HAVE_MEMORY_H 1
| #define HAVE_STRINGS_H 1
| #define HAVE_INTTYPES_H 1
| #define HAVE_STDINT_H 1
| #define HAVE_UNISTD_H 1
| #define __EXTENSIONS__ 1
| #define _ALL_SOURCE 1
| #define _GNU_SOURCE 1
| #define _POSIX_PTHREAD_SEMANTICS 1
| #define _TANDEM_SOURCE 1
| #define STDC_HEADERS 1
| #define TIME_WITH_SYS_TIME 1
| #define HAVE_SYS_TIME_H 1
| /* end confdefs.h.  */
| /* Define mach_absolute_time to an innocuous variant, in case <limits.h> declares mach_absolute_time.
|    For example, HP-UX 11i <limits.h> declares gettimeofday.  */
| #define mach_absolute_time innocuous_mach_absolute_time
| 
| /* System header to define __stub macros and hopefully few prototypes,
|     which can conflict with char mach_absolute_time (); below.
|     Prefer <limits.h> to <assert.h> if __STDC__ is defined, since
|     <limits.h> exists even on freestanding compilers.  */
| 
| #ifdef __STDC__
| # include <limits.h>
| #else
| # include <assert.h>
| #endif
| 
| #undef mach_absolute_time
| 
| /* Override any GCC internal prototype to avoid an error.
|    Use char because int might match the return type of a GCC
|    builtin and then its argument prototype would still apply.  */
| #ifdef __cplusplus
| extern "C"
| #endif
| char mach_absolute_time ();
| /* The GNU C library defines this for functions which it implements
|     to always fail with ENOSYS.  Some functions are actually named
|     something starting with __ and the normal name is an alias.  */
| #if defined __stub_mach_absolute_time || defined __stub___mach_absolute_time
| choke me
| #endif
| 
| int
| main ()
| {
| return mach_absolute_time ();
|   ;
|   return 0;
| }
configure:4077: result: no
configure:4184: checking for components to build
configure:4212: result: 
configure:4215: checking for debug build
configure:4234: result: 
configure:4248: checking for CPU type
configure:4421: result: i7
configure:4439: checking for ffsll
configure:4439: gcc -o conftest  -g   conftest.c  >&5
conftest.c:51: warning: conflicting types for built-in function 'ffsll'
configure:4439: $? = 0
configure:4439: result: yes
configure:4461: checking for working gettid
configure:4468: gcc -o conftest  -g   conftest.c  >&5
/tmp/ccHehVgt.o: In function `main':
/home/fader/Downloads/papi-4.1.1/src/conftest.c:29: undefined reference to `gettid'
collect2: ld returned 1 exit status
configure:4468: $? = 1
configure: failed program was:
| /* confdefs.h */
| #define PACKAGE_NAME "PAPI"
| #define PACKAGE_TARNAME "papi"
| #define PACKAGE_VERSION "4.1.1"
| #define PACKAGE_STRING "PAPI 4.1.1"
| #define PACKAGE_BUGREPORT "ptools-perfapi@eecs.utk.edu"
| #define PACKAGE_URL ""
| #define STDC_HEADERS 1
| #define HAVE_SYS_TYPES_H 1
| #define HAVE_SYS_STAT_H 1
| #define HAVE_STDLIB_H 1
| #define HAVE_STRING_H 1
| #define HAVE_MEMORY_H 1
| #define HAVE_STRINGS_H 1
| #define HAVE_INTTYPES_H 1
| #define HAVE_STDINT_H 1
| #define HAVE_UNISTD_H 1
| #define __EXTENSIONS__ 1
| #define _ALL_SOURCE 1
| #define _GNU_SOURCE 1
| #define _POSIX_PTHREAD_SEMANTICS 1
| #define _TANDEM_SOURCE 1
| #define STDC_HEADERS 1
| #define TIME_WITH_SYS_TIME 1
| #define HAVE_SYS_TIME_H 1
| #define CPU i7
| /* end confdefs.h.  */
| #include <sys/types.h>
|                 main() { pid_t a = gettid(); }
configure:4475: result: no
configure:4477: checking for working syscall(SYS_gettid)
configure:4485: gcc -o conftest  -g   conftest.c  >&5
configure:4485: $? = 0
configure:4486: result: yes
configure:4510: checking for working MMTIMER
configure:4540: gcc -o conftest  -g   conftest.c  >&5
configure:4540: $? = 0
configure:4540: ./conftest
configure:4540: $? = 1
configure: program exited with status 1
configure: failed program was:
| /* confdefs.h */
| #define PACKAGE_NAME "PAPI"
| #define PACKAGE_TARNAME "papi"
| #define PACKAGE_VERSION "4.1.1"
| #define PACKAGE_STRING "PAPI 4.1.1"
| #define PACKAGE_BUGREPORT "ptools-perfapi@eecs.utk.edu"
| #define PACKAGE_URL ""
| #define STDC_HEADERS 1
| #define HAVE_SYS_TYPES_H 1
| #define HAVE_SYS_STAT_H 1
| #define HAVE_STDLIB_H 1
| #define HAVE_STRING_H 1
| #define HAVE_MEMORY_H 1
| #define HAVE_STRINGS_H 1
| #define HAVE_INTTYPES_H 1
| #define HAVE_STDINT_H 1
| #define HAVE_UNISTD_H 1
| #define __EXTENSIONS__ 1
| #define _ALL_SOURCE 1
| #define _GNU_SOURCE 1
| #define _POSIX_PTHREAD_SEMANTICS 1
| #define _TANDEM_SOURCE 1
| #define STDC_HEADERS 1
| #define TIME_WITH_SYS_TIME 1
| #define HAVE_SYS_TIME_H 1
| #define CPU i7
| #define HAVE_SYSCALL_GETTID 1
| /* end confdefs.h.  */
| #include <unistd.h>
|                          #include <fcntl.h>
|                          #include <errno.h>
|                          #include <stdlib.h>
|                          #include <sys/ioctl.h>
|                          #include <linux/mmtimer.h>
|                          #ifndef MMTIMER_FULLNAME
|                          #define MMTIMER_FULLNAME "/dev/mmtimer"
|                          #endif
|                          int main() {
|                            int offset;
|                            int fd;
|                            if((fd = open(MMTIMER_FULLNAME, O_RDONLY)) == -1)
|                              exit(1);
|                            if ((offset = ioctl(fd, MMTIMER_GETOFFSET, 0)) < 0)
|                              exit(1);
|                            close(fd);
|                            exit(0);
|                          }
configure:4545: result: no
configure:4547: checking for working CLOCK_REALTIME_HR POSIX 1b timer
configure:4575: gcc -o conftest  -g   conftest.c  >&5
conftest.c: In function 'main':
conftest.c:37: error: 'CLOCK_REALTIME_HR' undeclared (first use in this function)
conftest.c:37: error: (Each undeclared identifier is reported only once
conftest.c:37: error: for each function it appears in.)
configure:4575: $? = 1
configure: program exited with status 1
configure: failed program was:
| /* confdefs.h */
| #define PACKAGE_NAME "PAPI"
| #define PACKAGE_TARNAME "papi"
| #define PACKAGE_VERSION "4.1.1"
| #define PACKAGE_STRING "PAPI 4.1.1"
| #define PACKAGE_BUGREPORT "ptools-perfapi@eecs.utk.edu"
| #define PACKAGE_URL ""
| #define STDC_HEADERS 1
| #define HAVE_SYS_TYPES_H 1
| #define HAVE_SYS_STAT_H 1
| #define HAVE_STDLIB_H 1
| #define HAVE_STRING_H 1
| #define HAVE_MEMORY_H 1
| #define HAVE_STRINGS_H 1
| #define HAVE_INTTYPES_H 1
| #define HAVE_STDINT_H 1
| #define HAVE_UNISTD_H 1
| #define __EXTENSIONS__ 1
| #define _ALL_SOURCE 1
| #define _GNU_SOURCE 1
| #define _POSIX_PTHREAD_SEMANTICS 1
| #define _TANDEM_SOURCE 1
| #define STDC_HEADERS 1
| #define TIME_WITH_SYS_TIME 1
| #define HAVE_SYS_TIME_H 1
| #define CPU i7
| #define HAVE_SYSCALL_GETTID 1
| /* end confdefs.h.  */
| #include <unistd.h>
|                                      #include <stdlib.h>
|                                      #include <stdio.h>
|                                      #include <time.h>
|                                      #include <syscall.h>
|                                      main() {
|                                        struct timespec t1, t2;
|                                        double seconds;
|                                        if (syscall(__NR_clock_gettime,CLOCK_REALTIME_HR,&t1) == -1) exit(1);
|                                          sleep(1);
|                                        if (syscall(__NR_clock_gettime,CLOCK_REALTIME_HR,&t2) == -1) exit(1);
|                                          seconds = ((double)t2.tv_sec + (double)t2.tv_nsec/1000000000.0) - ((double)t1.tv_sec + (double)t1.tv_nsec/1000000000.0);
|                                        if (seconds > 1.0)
|                                          exit(0);
|                                        else
|                                          exit(1);
|                                      }
configure:4580: result: no
configure:4582: checking for working CLOCK_REALTIME POSIX 1b timer
configure:4610: gcc -o conftest  -g   conftest.c  >&5
configure:4610: $? = 0
configure:4610: ./conftest
configure:4610: $? = 0
configure:4612: result: yes
configure:4636: checking for real time clock or cycle counter
configure:4662: result: clock_realtime
configure:4681: checking for working __thread
configure:4714: gcc -o conftest -pthread   conftest.c  >&5
conftest.c: In function 'thread_main':
conftest.c:35: warning: cast from pointer to integer of different size
conftest.c:37: warning: cast from pointer to integer of different size
conftest.c:38: warning: cast from pointer to integer of different size
conftest.c:40: warning: cast from pointer to integer of different size
conftest.c: In function 'main':
conftest.c:46: warning: passing argument 3 of 'pthread_create' from incompatible pointer type
/usr/include/pthread.h:225: note: expected 'void * (*)(void *)' but argument is of type 'void (*)(void *)'
conftest.c:47: warning: passing argument 3 of 'pthread_create' from incompatible pointer type
/usr/include/pthread.h:225: note: expected 'void * (*)(void *)' but argument is of type 'void (*)(void *)'
configure:4714: $? = 0
configure:4714: ./conftest
configure:4714: $? = 0
configure:4715: result: yes
configure:4746: checking for high performance thread local storage
configure:4761: result: __thread
configure:4773: checking for working CLOCK_THREAD_CPUTIME_ID POSIX 1b timer
configure:4844: gcc -o conftest -pthread   conftest.c  >&5
conftest.c: In function 'doThreadTwo':
conftest.c:72: warning: return makes pointer from integer without a cast
configure:4844: $? = 0
configure:4844: ./conftest
configure:4844: $? = 0
configure:4845: result: yes
configure:4941: checking for thread virtual clock or cycle counter
configure:4964: result: clock_thread_cputime_id
configure:5071: Generating papi_events_table.h
configure:5084: checking for which libraries to build
configure:5111: result: shared static
configure:5115: checking for link test cases with shared library
configure:5142: result: 
configure:5156: checking for /sys/class/perfctr
configure:5169: result: no
configure:5174: checking for /dev/perfctr
configure:5187: result: no
configure:5376: checking for perfmon version
configure:5378: checking for /sys/kernel/perfmon/version
configure:5391: result: no
configure:5396: checking for /proc/perfmon
configure:5409: result: no
configure:5500: checking for /usr/include/linux/perf_event.h
configure:5514: result: yes
configure:5715: checking platform
configure:5838: result: linux-pe
configure:6218: Compiling genpapifdef with gcc
configure:6223: Generating fpapi.h
configure:6226: Generating f77papi.h
configure:6229: Generating f90papi.h
configure:6233: Rules.pfm_pe will be included in the generated Makefile
configure:6339: creating ./config.status

## ---------------------- ##
## Running config.status. ##
## ---------------------- ##

This file was extended by PAPI config.status 4.1.1, which was
generated by GNU Autoconf 2.65.  Invocation command line was

  CONFIG_FILES    = 
  CONFIG_HEADERS  = 
  CONFIG_LINKS    = 
  CONFIG_COMMANDS = 
  $ ./config.status 

on leno

config.status:886: creating Makefile
config.status:886: creating config.h

## ---------------- ##
## Cache variables. ##
## ---------------- ##

ac_cv_c_compiler_gnu=yes
ac_cv_c_inline=inline
ac_cv_env_CC_set=
ac_cv_env_CC_value=
ac_cv_env_CFLAGS_set=
ac_cv_env_CFLAGS_value=
ac_cv_env_CPPFLAGS_set=
ac_cv_env_CPPFLAGS_value=
ac_cv_env_CPP_set=
ac_cv_env_CPP_value=
ac_cv_env_F77_set=
ac_cv_env_F77_value=
ac_cv_env_FFLAGS_set=
ac_cv_env_FFLAGS_value=
ac_cv_env_LDFLAGS_set=
ac_cv_env_LDFLAGS_value=
ac_cv_env_LIBS_set=
ac_cv_env_LIBS_value=
ac_cv_env_build_alias_set=
ac_cv_env_build_alias_value=
ac_cv_env_host_alias_set=
ac_cv_env_host_alias_value=
ac_cv_env_target_alias_set=
ac_cv_env_target_alias_value=
ac_cv_f77_compiler_gnu=yes
ac_cv_file__dev_perfctr=no
ac_cv_file__proc_perfmon=no
ac_cv_file__sys_class_perfctr=no
ac_cv_file__sys_kernel_perfmon_version=no
ac_cv_file__usr_include_linux_perf_event_h=yes
ac_cv_func_clock_gettime=no
ac_cv_func_ffsll=yes
ac_cv_func_gethrtime=no
ac_cv_func_mach_absolute_time=no
ac_cv_func_read_real_time=no
ac_cv_func_time_base_to_time=no
ac_cv_header_c_asm_h=no
ac_cv_header_intrinsics_h=no
ac_cv_header_inttypes_h=yes
ac_cv_header_mach_mach_time_h=no
ac_cv_header_memory_h=yes
ac_cv_header_minix_config_h=no
ac_cv_header_stdc=yes
ac_cv_header_stdint_h=yes
ac_cv_header_stdlib_h=yes
ac_cv_header_string_h=yes
ac_cv_header_strings_h=yes
ac_cv_header_sys_stat_h=yes
ac_cv_header_sys_time_h=yes
ac_cv_header_sys_types_h=yes
ac_cv_header_time=yes
ac_cv_header_unistd_h=yes
ac_cv_objext=o
ac_cv_path_EGREP='/bin/grep -E'
ac_cv_path_GREP=/bin/grep
ac_cv_prog_AWK=mawk
ac_cv_prog_CPP='gcc -E'
ac_cv_prog_ac_ct_CC=gcc
ac_cv_prog_ac_ct_F77=gfortran
ac_cv_prog_ac_ct_RANLIB=ranlib
ac_cv_prog_cc_c89=
ac_cv_prog_cc_g=yes
ac_cv_prog_f77_g=yes
ac_cv_prog_make_make_set=yes
ac_cv_safe_to_define___extensions__=yes

## ----------------- ##
## Output variables. ##
## ----------------- ##

AR='ar'
ARCH_EVENTS=''
ARG64=''
AWK='mawk'
BGP_SYSDIR=''
BITFLAGS=''
CC='gcc'
CC_R='$(CC) -pthread'
CC_SHR='$(CC) -fPIC -DPIC -shared -Wl,-soname -Wl,libpapi.so -Xlinker "-rpath" -Xlinker "$(LIBDIR)"'
CFLAGS=' -g -DSTATIC_PAPI_EVENTS_TABLE -DPEINCLUDE=\"$(PEPATH)\" -D_REENTRANT -D_GNU_SOURCE -Wall -DUSE_COMPILER_TLS '
COMPONENT_RULES='components/Rules.components'
CPP='gcc -E'
CPPFLAGS=''
CPU='i7'
CPU_MODEL=''
CTEST_TARGETS='papi_api serial forkexec_tests overflow_tests profile_tests attach multiplex_and_pthreads shared ear'
DEBUGFLAGS='-DPAPI_NO_MEMORY_MANAGEMENT'
DEFS='-DHAVE_CONFIG_H'
DESCR=''
ECHO_C=''
ECHO_N='-n'
ECHO_T=''
EGREP='/bin/grep -E'
EXEEXT=''
EXTRA_CFLAGS='-Wextra'
F77='gfortran'
FFLAGS='  -Dlinux -Wall -ffixed-line-length-132'
FILENAME='Rules.pfm_pe'
FLAGS=''
FTEST_TARGETS='strtest zero first second tenth description fdmemtest accum highlevel cost johnmay2 case1 case2 clockres eventname fmatrixlowpapi fmatrixpapi fmatrixpapi2 flops fmultiplex1 fmultiplex2 avail'
GREP='/bin/grep'
LDFLAGS=''
LIBOBJS=''
LIBRARY='libpapi.a'
LIBS=''
LINKLIB='../$(LIBRARY)'
LN_S='ln -s'
LTLIBOBJS=''
MAKEVER='linux-pe'
MEMSUBSTR='perfmon'
MISCHDRS=''
MISCOBJS=''
MISCSRCS='hwinfo_linux.c x86_cache_info.c sys_perf_event_open.c'
MPICC=''
NOOPT=''
NOTLS='-DUSE_COMPILER_TLS'
OBJEXT='o'
OMPCFLGS='-fopenmp'
OPTFLAGS='-O2 -DPAPI_NO_MEMORY_MANAGEMENT'
OS='linux'
PACKAGE_BUGREPORT='ptools-perfapi@eecs.utk.edu'
PACKAGE_NAME='PAPI'
PACKAGE_STRING='PAPI 4.1.1'
PACKAGE_TARNAME='papi'
PACKAGE_URL=''
PACKAGE_VERSION='4.1.1'
PATH_SEPARATOR=':'
PEPATH='/usr/include/linux/perf_event.h'
PMAPI=''
PMINIT=''
POST_BUILD=''
RANLIB='ranlib'
SETPATH=''
SET_MAKE=''
SHELL='/bin/bash'
SHLIB='libpapi.so.$(PAPIVER)'
SHLIBDEPS=''
SHOW_CONF='showconf'
SMPCFLGS=''
STATIC=''
SUBSTR='perf_events'
TESTS=''
TOPTFLAGS='-O0'
UTIL_TARGETS='papi_avail papi_mem_info papi_cost papi_clockres papi_native_avail papi_command_line papi_event_chooser papi_decode papi_xml_event_info papi_version'
VERSION=''
ac_ct_CC='gcc'
ac_ct_F77='gfortran'
altix=''
arch='x86_64'
bindir='${exec_prefix}/bin'
build_alias=''
cpu_option=''
datadir='${datarootdir}'
datarootdir='${prefix}/share'
docdir='${datarootdir}/doc/${PACKAGE_TARNAME}'
dvidir='${docdir}'
exec_prefix='${prefix}'
host_alias=''
htmldir='${docdir}'
includedir='${prefix}/include'
infodir='${datarootdir}/info'
libdir='${exec_prefix}/lib'
libexecdir='${exec_prefix}/libexec'
localedir='${datarootdir}/locale'
localstatedir='${prefix}/var'
mandir='${datarootdir}/man'
old_pfmv2='n'
oldincludedir='/usr/include'
papiLIBS='shared static'
papi_events='static'
papi_events_table='papi_events_table.h'
pdfdir='${docdir}'
perfctr_incdir=''
perfctr_libdir=''
perfctr_prefix=''
perfctr_root=''
pfm_incdir=''
pfm_libdir=''
pfm_prefix=''
pfm_root=''
prefix='/usr/local'
program_transform_name='s,x,x,'
psdir='${docdir}'
sbindir='${exec_prefix}/sbin'
sharedstatedir='${prefix}/com'
sysconfdir='${prefix}/etc'
target_alias=''
tests='ctests ftests'

## ----------- ##
## confdefs.h. ##
## ----------- ##

/* confdefs.h */
#define PACKAGE_NAME "PAPI"
#define PACKAGE_TARNAME "papi"
#define PACKAGE_VERSION "4.1.1"
#define PACKAGE_STRING "PAPI 4.1.1"
#define PACKAGE_BUGREPORT "ptools-perfapi@eecs.utk.edu"
#define PACKAGE_URL ""
#define STDC_HEADERS 1
#define HAVE_SYS_TYPES_H 1
#define HAVE_SYS_STAT_H 1
#define HAVE_STDLIB_H 1
#define HAVE_STRING_H 1
#define HAVE_MEMORY_H 1
#define HAVE_STRINGS_H 1
#define HAVE_INTTYPES_H 1
#define HAVE_STDINT_H 1
#define HAVE_UNISTD_H 1
#define __EXTENSIONS__ 1
#define _ALL_SOURCE 1
#define _GNU_SOURCE 1
#define _POSIX_PTHREAD_SEMANTICS 1
#define _TANDEM_SOURCE 1
#define STDC_HEADERS 1
#define TIME_WITH_SYS_TIME 1
#define HAVE_SYS_TIME_H 1
#define CPU i7
#define HAVE_SYSCALL_GETTID 1
#define HAVE_CLOCK_GETTIME_REALTIME CLOCK_REALTIME
#define HAVE_THREAD_LOCAL_STORAGE __thread
#define HAVE_CLOCK_GETTIME_THREAD CLOCK_THREAD_CPUTIME_ID
#define HAVE_PERFMON_PFMLIB_MONTECITO_H 1
#define HAVE_PFM_GET_EVENT_DESCRIPTION 1
#define HAVE_PFMLIB_OUTPUT_PFP_PMD_COUNT 1

configure: exit 0
